0 info it worked if it ends with ok
1 verbose cli [ '/usr/bin/nodejs', '/usr/bin/npm', 'install', '-g', 'bower' ]
2 info using npm@3.5.2
3 info using node@v4.2.6
4 silly loadCurrentTree Starting
5 silly install loadCurrentTree
6 silly install readGlobalPackageData
7 silly fetchPackageMetaData bower
8 silly fetchNamedPackageData bower
9 silly mapToRegistry name bower
10 silly mapToRegistry using default registry
11 silly mapToRegistry registry https://registry.npmjs.org/
12 silly mapToRegistry uri https://registry.npmjs.org/bower
13 verbose request uri https://registry.npmjs.org/bower
14 verbose request no auth needed
15 info attempt registry request try #1 at 4:52:30 PM
16 verbose request id 33fbb31e2b8619fe
17 http request GET https://registry.npmjs.org/bower
18 http 200 https://registry.npmjs.org/bower
19 verbose headers { server: 'CouchDB/1.5.0 (Erlang OTP/R16B03)',
19 verbose headers   etag: '"1T4LCG18WGEQZUZRIGLWI388G"',
19 verbose headers   'content-type': 'application/json',
19 verbose headers   'content-encoding': 'gzip',
19 verbose headers   'cache-control': 'max-age=300',
19 verbose headers   'content-length': '21003',
19 verbose headers   'accept-ranges': 'bytes',
19 verbose headers   date: 'Mon, 07 Nov 2016 16:57:55 GMT',
19 verbose headers   via: '1.1 varnish',
19 verbose headers   age: '256',
19 verbose headers   connection: 'keep-alive',
19 verbose headers   'x-served-by': 'cache-sea1926-SEA',
19 verbose headers   'x-cache': 'HIT',
19 verbose headers   'x-cache-hits': '13',
19 verbose headers   'x-timer': 'S1478537875.680772,VS0,VE0',
19 verbose headers   vary: 'Accept-Encoding' }
20 silly get cb [ 200,
20 silly get   { server: 'CouchDB/1.5.0 (Erlang OTP/R16B03)',
20 silly get     etag: '"1T4LCG18WGEQZUZRIGLWI388G"',
20 silly get     'content-type': 'application/json',
20 silly get     'content-encoding': 'gzip',
20 silly get     'cache-control': 'max-age=300',
20 silly get     'content-length': '21003',
20 silly get     'accept-ranges': 'bytes',
20 silly get     date: 'Mon, 07 Nov 2016 16:57:55 GMT',
20 silly get     via: '1.1 varnish',
20 silly get     age: '256',
20 silly get     connection: 'keep-alive',
20 silly get     'x-served-by': 'cache-sea1926-SEA',
20 silly get     'x-cache': 'HIT',
20 silly get     'x-cache-hits': '13',
20 silly get     'x-timer': 'S1478537875.680772,VS0,VE0',
20 silly get     vary: 'Accept-Encoding' } ]
21 verbose get saving bower to /home/vagrant/.npm/registry.npmjs.org/bower/.cache.json
22 verbose makeDirectory /home/vagrant/.npm creation not in flight; initializing
23 silly makeDirectory /home/vagrant/.npm uid: 900 gid: 900
24 silly install normalizeTree
25 silly loadCurrentTree Finishing
26 silly loadIdealTree Starting
27 silly install loadIdealTree
28 silly cloneCurrentTree Starting
29 silly install cloneCurrentTreeToIdealTree
30 silly cloneCurrentTree Finishing
31 silly loadShrinkwrap Starting
32 silly install loadShrinkwrap
33 silly loadShrinkwrap Finishing
34 silly loadAllDepsIntoIdealTree Starting
35 silly install loadAllDepsIntoIdealTree
36 silly resolveWithNewModule bower@1.8.0 checking installable status
37 silly cache add args [ 'bower', null ]
38 verbose cache add spec bower
39 silly cache add parsed spec Result {
39 silly cache add   raw: 'bower',
39 silly cache add   scope: null,
39 silly cache add   name: 'bower',
39 silly cache add   rawSpec: '',
39 silly cache add   spec: 'latest',
39 silly cache add   type: 'tag' }
40 silly addNamed bower@latest
41 verbose addNamed "latest" is being treated as a dist-tag for bower
42 info addNameTag [ 'bower', 'latest' ]
43 silly mapToRegistry name bower
44 silly mapToRegistry using default registry
45 silly mapToRegistry registry https://registry.npmjs.org/
46 silly mapToRegistry uri https://registry.npmjs.org/bower
47 verbose addNameTag registry:https://registry.npmjs.org/bower not in flight; fetching
48 verbose get https://registry.npmjs.org/bower not expired, no request
49 silly addNameTag next cb for bower with tag latest
50 silly addNamed bower@1.8.0
51 verbose addNamed "1.8.0" is a plain semver version for bower
52 silly mapToRegistry name bower
53 silly mapToRegistry using default registry
54 silly mapToRegistry registry https://registry.npmjs.org/
55 silly mapToRegistry uri https://registry.npmjs.org/bower
56 verbose addRemoteTarball https://registry.npmjs.org/bower/-/bower-1.8.0.tgz not in flight; adding
57 verbose addRemoteTarball [ 'https://registry.npmjs.org/bower/-/bower-1.8.0.tgz',
57 verbose addRemoteTarball   '55dbebef0ad9155382d9e9d3e497c1372345b44a' ]
58 info retry fetch attempt 1 at 4:52:30 PM
59 info attempt registry request try #1 at 4:52:30 PM
60 http fetch GET https://registry.npmjs.org/bower/-/bower-1.8.0.tgz
61 http fetch 200 https://registry.npmjs.org/bower/-/bower-1.8.0.tgz
62 silly fetchAndShaCheck shasum 55dbebef0ad9155382d9e9d3e497c1372345b44a
63 verbose addTmpTarball /tmp/npm-26732-ebdfd660/registry.npmjs.org/bower/-/bower-1.8.0.tgz not in flight; adding
64 verbose addTmpTarball already have metadata; skipping unpack for bower@1.8.0
65 silly cache afterAdd bower@1.8.0
66 verbose afterAdd /home/vagrant/.npm/bower/1.8.0/package/package.json not in flight; writing
67 verbose afterAdd /home/vagrant/.npm/bower/1.8.0/package/package.json written
68 silly loadAllDepsIntoIdealTree Finishing
69 silly idealTree:prePrune lib
69 silly idealTree:prePrune `-- bower@1.8.0
70 silly loadIdealTree Finishing
71 silly currentTree lib
72 silly idealTree lib
72 silly idealTree `-- bower@1.8.0
73 silly generateActionsToTake Starting
74 silly install generateActionsToTake
75 warn checkPermissions Missing write access to /usr/local/lib
76 silly rollbackFailedOptional Starting
77 silly rollbackFailedOptional Finishing
78 silly runTopLevelLifecycles Starting
79 silly runTopLevelLifecycles Finishing
80 silly install printInstalled
81 verbose stack Error: EACCES: permission denied, access '/usr/local/lib'
81 verbose stack     at Error (native)
82 verbose cwd /home/vagrant/src/hbproject
83 error Linux 4.4.0-31-generic
84 error argv "/usr/bin/nodejs" "/usr/bin/npm" "install" "-g" "bower"
85 error node v4.2.6
86 error npm  v3.5.2
87 error path /usr/local/lib
88 error code EACCES
89 error errno -13
90 error syscall access
91 error Error: EACCES: permission denied, access '/usr/local/lib'
91 error     at Error (native)
91 error  { [Error: EACCES: permission denied, access '/usr/local/lib']
91 error   errno: -13,
91 error   code: 'EACCES',
91 error   syscall: 'access',
91 error   path: '/usr/local/lib' }
92 error Please try running this command again as root/Administrator.
93 verbose exit [ -13, true ]
